Determining if the pthread_create exist failed with the following output:
Change Dir: /home/mathias/sample_spheres/build/CMakeFiles/CMakeTmp

Run Build Command:"/usr/bin/make" "cmTC_c90cb/fast"
/usr/bin/make -f CMakeFiles/cmTC_c90cb.dir/build.make CMakeFiles/cmTC_c90cb.dir/build
make[1]: Entering directory '/home/mathias/sample_spheres/build/CMakeFiles/CMakeTmp'
Building C object CMakeFiles/cmTC_c90cb.dir/CheckSymbolExists.c.o
/usr/bin/cc    -fPIC  -fPIE   -o CMakeFiles/cmTC_c90cb.dir/CheckSymbolExists.c.o   -c /home/mathias/sample_spheres/build/CMakeFiles/CMakeTmp/CheckSymbolExists.c
Linking C executable cmTC_c90cb
/usr/local/bin/cmake -E cmake_link_script CMakeFiles/cmTC_c90cb.dir/link.txt --verbose=1
/usr/bin/cc  -fPIC     CMakeFiles/cmTC_c90cb.dir/CheckSymbolExists.c.o  -o cmTC_c90cb 
CMakeFiles/cmTC_c90cb.dir/CheckSymbolExists.c.o: In function `main':
CheckSymbolExists.c:(.text+0x1b): undefined reference to `pthread_create'
collect2: error: ld returned 1 exit status
CMakeFiles/cmTC_c90cb.dir/build.make:97: recipe for target 'cmTC_c90cb' failed
make[1]: *** [cmTC_c90cb] Error 1
make[1]: Leaving directory '/home/mathias/sample_spheres/build/CMakeFiles/CMakeTmp'
Makefile:126: recipe for target 'cmTC_c90cb/fast' failed
make: *** [cmTC_c90cb/fast] Error 2

File /home/mathias/sample_spheres/build/CMakeFiles/CMakeTmp/CheckSymbolExists.c:
/* */
#include <pthread.h>

int main(int argc, char** argv)
{
  (void)argv;
#ifndef pthread_create
  return ((int*)(&pthread_create))[argc];
#else
  (void)argc;
  return 0;
#endif
}

Determining if the function pthread_create exists in the pthreads failed with the following output:
Change Dir: /home/mathias/sample_spheres/build/CMakeFiles/CMakeTmp

Run Build Command:"/usr/bin/make" "cmTC_4c5af/fast"
/usr/bin/make -f CMakeFiles/cmTC_4c5af.dir/build.make CMakeFiles/cmTC_4c5af.dir/build
make[1]: Entering directory '/home/mathias/sample_spheres/build/CMakeFiles/CMakeTmp'
Building C object CMakeFiles/cmTC_4c5af.dir/CheckFunctionExists.c.o
/usr/bin/cc    -fPIC -DCHECK_FUNCTION_EXISTS=pthread_create -fPIE   -o CMakeFiles/cmTC_4c5af.dir/CheckFunctionExists.c.o   -c /usr/local/share/cmake-3.7/Modules/CheckFunctionExists.c
Linking C executable cmTC_4c5af
/usr/local/bin/cmake -E cmake_link_script CMakeFiles/cmTC_4c5af.dir/link.txt --verbose=1
/usr/bin/cc  -fPIC -DCHECK_FUNCTION_EXISTS=pthread_create    CMakeFiles/cmTC_4c5af.dir/CheckFunctionExists.c.o  -o cmTC_4c5af -lpthreads 
/usr/bin/ld: cannot find -lpthreads
collect2: error: ld returned 1 exit status
CMakeFiles/cmTC_4c5af.dir/build.make:97: recipe for target 'cmTC_4c5af' failed
make[1]: *** [cmTC_4c5af] Error 1
make[1]: Leaving directory '/home/mathias/sample_spheres/build/CMakeFiles/CMakeTmp'
Makefile:126: recipe for target 'cmTC_4c5af/fast' failed
make: *** [cmTC_4c5af/fast] Error 2


